make all --print-data-base --no-builtin-variables --no-builtin-rules --question
# GNU Make 3.81
# Copyright (C) 2006  Free Software Foundation, Inc.
# This is free software; see the source for copying conditions.
# There is NO warranty; not even for MERCHANTABILITY or FITNESS FOR A
# PARTICULAR PURPOSE.

# This program built for i386-apple-darwin11.3.0
 

# Make data base, printed on Mon Dec  4 17:52:35 2023

# Variables

# automatic
<D = $(patsubst %/,%,$(dir $<))
# automatic
?F = $(notdir $?)
# environment
VSCODE_CRASH_REPORTER_PROCESS_TYPE = extensionHost
# automatic
?D = $(patsubst %/,%,$(dir $?))
# automatic
@D = $(patsubst %/,%,$(dir $@))
# automatic
@F = $(notdir $@)
# makefile
CURDIR := /Users/eseferi/42/42_git/42Projects/ft_printf
# makefile
SHELL = /bin/sh
# environment
VSCODE_NLS_CONFIG = {"locale":"en-us","osLocale":"en","availableLanguages":{},"_languagePackSupport":true}
# environment
_ = /usr/bin/make
# makefile (from `Makefile', line 15)
CFLAGS = -Wall -Wextra -Werror -g -O3
# makefile (from `Makefile', line 1)
MAKEFILE_LIST :=  Makefile
# makefile (from `Makefile', line 29)
SRCS = ft_printf.c ft_putchar_utils.c ft_putstr_utils.c ft_flags_utils.c ft_format_utils.c ft_hex_utils.c ft_puthex_utils.c ft_putnbr_utils.c ft_putptr_utils.c ft_long_utils.c ft_percent_utils.c ft_right_combination_utils.c ft_left_combination_utils.c ft_hexcombos_utils.c 
# makefile (from `Makefile', line 44)
OBJS = $(SRCS:.c=.o)
# makefile (from `Makefile', line 26)
INCS = .
# environment
VSCODE_CWD = /
# environment
PATH = /Users/eseferi/.brew/bin:/Users/eseferi/goinfre/.brew/bin:/Users/eseferi/goinfre/.brew/bin:/usr/local/bin:/usr/bin:/bin:/usr/sbin:/sbin:/usr/local/munki:/opt/X11/bin:/Library/Apple/usr/bin
# environment
LaunchInstanceID = 2A504446-AAC0-4FFE-A26B-BDEAAF1F5663
# environment
ELECTRON_RUN_AS_NODE = 1
# default
.FEATURES := target-specific order-only second-expansion else-if archives jobserver check-symlink
# environment
SSH_AUTH_SOCK = /private/tmp/com.apple.launchd.UgRTARrz2G/Listeners
# automatic
%F = $(notdir $%)
# environment
HOMEBREW_TEMP = /tmp/eseferi/Homebrew/Temp
# environment
DISPLAY = /private/tmp/com.apple.launchd.So4APGxy3V/org.xquartz:0
# environment
PWD = /Users/eseferi/42/42_git/42Projects/ft_printf
# environment
ORIGINAL_XDG_CURRENT_DESKTOP = undefined
# environment
VSCODE_AMD_ENTRYPOINT = vs/workbench/api/node/extensionHostProcess
# environment
HOME = /Users/eseferi
# default
MAKEFILEPATH := /Applications/Xcode.app/Contents/Developer/Makefiles
# environment
VSCODE_CODE_CACHE_PATH = /Users/eseferi/Library/Application Support/Code/CachedData/e7e037083ff4455cf320e344325dacb480062c3c
# environment
LOGNAME = eseferi
# environment
APPLICATION_INSIGHTS_NO_DIAGNOSTIC_CHANNEL = 1
# environment
VSCODE_HANDLES_UNCAUGHT_ERRORS = true
# automatic
^D = $(patsubst %/,%,$(dir $^))
# environment
XPC_FLAGS = 0x0
# default
MAKE = $(MAKE_COMMAND)
# default
MAKECMDGOALS := all
# environment
HOMEBREW_CACHE = /tmp/eseferi/Homebrew/Caches
# environment
SHLVL = 1
# makefile (from `Makefile', line 17)
LIBFT = $(LIBFT_PATH)/libft.a
# makefile (from `Makefile', line 14)
CC = gcc
# default
MAKE_VERSION := 3.81
# environment
USER = eseferi
# makefile
.DEFAULT_GOAL := bonus
# makefile (from `Makefile', line 13)
NAME = libftprintf.a
# automatic
%D = $(patsubst %/,%,$(dir $%))
# default
MAKE_COMMAND := /Applications/Xcode.app/Contents/Developer/usr/bin/make
# default
.VARIABLES := 
# environment
TMPDIR = /var/folders/zz/zyxvpxvq6csfxvn_n000cjmh0034d4/T/
# automatic
*F = $(notdir $*)
# environment
VSCODE_IPC_HOOK = /Users/eseferi/Library/Application Support/Code/1.83-main.sock
# environment
MallocNanoZone = 0
# makefile
MAKEFLAGS = Rrqp
# environment
MFLAGS = -Rrqp
# automatic
*D = $(patsubst %/,%,$(dir $*))
# environment
XPC_SERVICE_NAME = com.apple.xpc.launchd.oneshot.0x10000002.Electron
# automatic
+D = $(patsubst %/,%,$(dir $+))
# automatic
+F = $(notdir $+)
# environment
__CF_USER_TEXT_ENCODING = 0x191A4:0x0:0x0
# environment
COMMAND_MODE = unix2003
# default
MAKEFILES := 
# automatic
<F = $(notdir $<)
# makefile (from `Makefile', line 16)
LIBFT_PATH = ./libft
# makefile (from `Makefile', line 18)
MAKE_LIB = ar -rcs
# environment
LC_ALL = C
# environment
SECURITYSESSIONID = 186a9
# automatic
^F = $(notdir $^)
# default
SUFFIXES := 
# default
.INCLUDE_DIRS = /usr/local/include
# environment
MAKELEVEL := 0
# environment
LANG = C
# environment
VSCODE_PID = 5154
# variable set hash-table stats:
# Load=72/1024=7%, Rehash=0, Collisions=5/104=5%

# Pattern-specific Variable Values

# No pattern-specific variable values.

# Directories

# . (device 16777225, inode 1785876): 37 files, no impossibilities.

# 37 files, no impossibilities in 1 directories.

# Implicit Rules

%.o: %.c
#  commands to execute (from `Makefile', line 54):
	$(CC) $(CFLAGS) -c $< -I$(INCS) 
	

# 1 implicit rules, 0 (0.0%) terminal.

# Files

ft_putchar_utils.o: ft_putchar_utils.c
#  Implicit rule search has been done.
#  Implicit/static pattern stem: `ft_putchar_utils'
#  Last modified 2023-12-04 17:51:42
#  File has been updated.
#  Successfully updated.
# variable set hash-table stats:
# Load=0/32=0%, Rehash=0, Collisions=0/0=0%
#  commands to execute (from `Makefile', line 54):
	$(CC) $(CFLAGS) -c $< -I$(INCS) 
	

ft_percent_utils.o: ft_percent_utils.c
#  Implicit rule search has been done.
#  Implicit/static pattern stem: `ft_percent_utils'
#  Last modified 2023-12-04 17:51:42
#  File has been updated.
#  Successfully updated.
# variable set hash-table stats:
# Load=0/32=0%, Rehash=0, Collisions=0/0=0%
#  commands to execute (from `Makefile', line 54):
	$(CC) $(CFLAGS) -c $< -I$(INCS) 
	

ft_putptr_utils.o: ft_putptr_utils.c
#  Implicit rule search has been done.
#  Implicit/static pattern stem: `ft_putptr_utils'
#  Last modified 2023-12-04 17:51:42
#  File has been updated.
#  Successfully updated.
# variable set hash-table stats:
# Load=0/32=0%, Rehash=0, Collisions=0/0=0%
#  commands to execute (from `Makefile', line 54):
	$(CC) $(CFLAGS) -c $< -I$(INCS) 
	

ft_long_utils.o: ft_long_utils.c
#  Implicit rule search has been done.
#  Implicit/static pattern stem: `ft_long_utils'
#  Last modified 2023-12-04 17:51:42
#  File has been updated.
#  Successfully updated.
# variable set hash-table stats:
# Load=0/32=0%, Rehash=0, Collisions=0/0=0%
#  commands to execute (from `Makefile', line 54):
	$(CC) $(CFLAGS) -c $< -I$(INCS) 
	

all: libftprintf.a
#  Phony target (prerequisite of .PHONY).
#  Command-line target.
#  Implicit rule search has not been done.
#  File does not exist.
#  File has been updated.
#  Successfully updated.
# variable set hash-table stats:
# Load=0/32=0%, Rehash=0, Collisions=0/0=0%

ft_right_combination_utils.o: ft_right_combination_utils.c
#  Implicit rule search has been done.
#  Implicit/static pattern stem: `ft_right_combination_utils'
#  Last modified 2023-12-04 17:51:42
#  File has been updated.
#  Successfully updated.
# variable set hash-table stats:
# Load=0/32=0%, Rehash=0, Collisions=0/0=0%
#  commands to execute (from `Makefile', line 54):
	$(CC) $(CFLAGS) -c $< -I$(INCS) 
	

.PHONY: all bonus clean fclean re clout
#  Implicit rule search has not been done.
#  Modification time never checked.
#  File has not been updated.

# Not a target:
ft_hexcombos_utils.c:
#  Implicit rule search has been done.
#  Last modified 2023-10-04 22:36:32
#  File has been updated.
#  Successfully updated.
# variable set hash-table stats:
# Load=0/32=0%, Rehash=0, Collisions=0/0=0%

ft_printf.o: ft_printf.c
#  Implicit rule search has been done.
#  Implicit/static pattern stem: `ft_printf'
#  Last modified 2023-12-04 17:51:42
#  File has been updated.
#  Successfully updated.
# variable set hash-table stats:
# Load=0/32=0%, Rehash=0, Collisions=0/0=0%
#  commands to execute (from `Makefile', line 54):
	$(CC) $(CFLAGS) -c $< -I$(INCS) 
	

# Not a target:
.SUFFIXES:
#  Implicit rule search has not been done.
#  Modification time never checked.
#  File has not been updated.

ft_puthex_utils.o: ft_puthex_utils.c
#  Implicit rule search has been done.
#  Implicit/static pattern stem: `ft_puthex_utils'
#  Last modified 2023-12-04 17:51:42
#  File has been updated.
#  Successfully updated.
# variable set hash-table stats:
# Load=0/32=0%, Rehash=0, Collisions=0/0=0%
#  commands to execute (from `Makefile', line 54):
	$(CC) $(CFLAGS) -c $< -I$(INCS) 
	

# Not a target:
ft_putstr_utils.c:
#  Implicit rule search has been done.
#  Last modified 2023-10-04 22:36:32
#  File has been updated.
#  Successfully updated.
 
# variable set hash-table stats:
# Load=0/32=0%, Rehash=0, Collisions=0/0=0%

# Not a target:
Makefile:
#  Implicit rule search has been done.
#  Last modified 2023-12-04 17:51:41
#  File has been updated.
#  Successfully updated.
# variable set hash-table stats:
# Load=0/32=0%, Rehash=0, Collisions=0/0=0%

# Not a target:
ft_putchar_utils.c:
#  Implicit rule search has been done.
#  Last modified 2023-10-04 22:36:32
#  File has been updated.
#  Successfully updated.
# variable set hash-table stats:
# Load=0/32=0%, Rehash=0, Collisions=0/0=0%

# Not a target:
ft_percent_utils.c:
#  Implicit rule search has been done.
#  Last modified 2023-10-04 22:36:32
#  File has been updated.
#  Successfully updated.
# variable set hash-table stats:
# Load=0/32=0%, Rehash=0, Collisions=0/0=0%

clout:
#  Phony target (prerequisite of .PHONY).
#  Implicit rule search has not been done.
#  File does not exist.
#  File has not been updated.
#  commands to execute (from `Makefile', line 69):
	rm -rf a.out
	

ft_flags_utils.o: ft_flags_utils.c
#  Implicit rule search has been done.
#  Implicit/static pattern stem: `ft_flags_utils'
#  Last modified 2023-12-04 17:51:42
#  File has been updated.
#  Successfully updated.
# variable set hash-table stats:
# Load=0/32=0%, Rehash=0, Collisions=0/0=0%
#  commands to execute (from `Makefile', line 54):
	$(CC) $(CFLAGS) -c $< -I$(INCS) 
	

# Not a target:
ft_putptr_utils.c:
#  Implicit rule search has been done.
#  Last modified 2023-10-04 22:36:32
#  File has been updated.
#  Successfully updated.
# variable set hash-table stats:
# Load=0/32=0%, Rehash=0, Collisions=0/0=0%

# Not a target:
ft_long_utils.c:
#  Implicit rule search has been done.
#  Last modified 2023-10-04 22:36:32
#  File has been updated.
#  Successfully updated.
# variable set hash-table stats:
# Load=0/32=0%, Rehash=0, Collisions=0/0=0%

libft/libft.a:
#  Implicit rule search has not been done.
#  Last modified 2023-12-04 17:51:45
#  File has been updated.
#  Successfully updated.
#  commands to execute (from `Makefile', line 57):
	cd $(LIBFT_PATH) && make 
	cp $(LIBFT) $(NAME) 
	

# Not a target:
ft_right_combination_utils.c:
#  Implicit rule search has been done.
#  Last modified 2023-10-04 22:36:32
#  File has been updated.
#  Successfully updated.
# variable set hash-table stats:
# Load=0/32=0%, Rehash=0, Collisions=0/0=0%

bonus: all
#  Phony target (prerequisite of .PHONY).
#  Implicit rule search has not been done.
#  File does not exist.
#  File has not been updated.

fclean: clean
#  Phony target (prerequisite of .PHONY).
#  Implicit rule search has not been done.
#  File does not exist.
#  File has not been updated.
#  commands to execute (from `Makefile', line 65):
	rm -rf $(NAME)
	cd $(LIBFT_PATH) && make fclean
	

ft_left_combination_utils.o: ft_left_combination_utils.c
#  Implicit rule search has been done.
#  Implicit/static pattern stem: `ft_left_combination_utils'
#  Last modified 2023-12-04 17:51:42
#  File has been updated.
#  Successfully updated.
# variable set hash-table stats:
# Load=0/32=0%, Rehash=0, Collisions=0/0=0%
#  commands to execute (from `Makefile', line 54):
	$(CC) $(CFLAGS) -c $< -I$(INCS) 
	

# Not a target:
ft_printf.c:
#  Implicit rule search has been done.
#  Last modified 2023-10-04 22:36:32
#  File has been updated.
#  Successfully updated.
# variable set hash-table stats:
# Load=0/32=0%, Rehash=0, Collisions=0/0=0%

ft_format_utils.o: ft_format_utils.c
#  Implicit rule search has been done.
#  Implicit/static pattern stem: `ft_format_utils'
#  Last modified 2023-12-04 17:51:42
#  File has been updated.
#  Successfully updated.
# variable set hash-table stats:
# Load=0/32=0%, Rehash=0, Collisions=0/0=0%
#  commands to execute (from `Makefile', line 54):
	$(CC) $(CFLAGS) -c $< -I$(INCS) 
	

ft_putnbr_utils.o: ft_putnbr_utils.c
#  Implicit rule search has been done.
#  Implicit/static pattern stem: `ft_putnbr_utils'
#  Last modified 2023-12-04 17:51:42
#  File has been updated.
#  Successfully updated.
# variable set hash-table stats:
# Load=0/32=0%, Rehash=0, Collisions=0/0=0%
#  commands to execute (from `Makefile', line 54):
	$(CC) $(CFLAGS) -c $< -I$(INCS) 
	

ft_hex_utils.o: ft_hex_utils.c
#  Implicit rule search has been done.
#  Implicit/static pattern stem: `ft_hex_utils'
#  Last modified 2023-12-04 17:51:42
#  File has been updated.
#  Successfully updated.
# variable set hash-table stats:
# Load=0/32=0%, Rehash=0, Collisions=0/0=0%
#  commands to execute (from `Makefile', line 54):
	$(CC) $(CFLAGS) -c $< -I$(INCS) 
	

# Not a target:
.DEFAULT:
#  Implicit rule search has not been done.
#  Modification time never checked.
#  File has not been updated.

# Not a target:
ft_puthex_utils.c:
#  Implicit rule search has been done.
#  Last modified 2023-10-04 22:36:32
#  File has been updated.
#  Successfully updated.
# variable set hash-table stats:
# Load=0/32=0%, Rehash=0, Collisions=0/0=0%

re: fclean all
#  Phony target (prerequisite of .PHONY).
#  Implicit rule search has not been done.
#  File does not exist.
#  File has not been updated.

clean:
#  Phony target (prerequisite of .PHONY).
#  Implicit rule search has not been done.
#  File does not exist.
#  File has not been updated.
#  commands to execute (from `Makefile', line 61):
	rm -rf $(OBJS)
	cd $(LIBFT_PATH) && make clean
	

# Not a target:
ft_flags_utils.c:
#  Implicit rule search has been done.
#  Last modified 2023-10-04 22:36:32
#  File has been updated.
#  Successfully updated.
# variable set hash-table stats:
# Load=0/32=0%, Rehash=0, Collisions=0/0=0%

# Not a target:
ft_format_utils.c:
#  Implicit rule search has been done.
#  Last modified 2023-10-04 22:36:32
#  File has been updated.
#  Successfully updated.
# variable set hash-table stats:
# Load=0/32=0%, Rehash=0, Collisions=0/0=0%

ft_hexcombos_utils.o: ft_hexcombos_utils.c
#  Implicit rule search has been done.
#  Implicit/static pattern stem: `ft_hexcombos_utils'
#  Last modified 2023-12-04 17:51:42
#  File has been updated.
#  Successfully updated.
# variable set hash-table stats:
# Load=0/32=0%, Rehash=0, Collisions=0/0=0%
#  commands to execute (from `Makefile', line 54):
	$(CC) $(CFLAGS) -c $< -I$(INCS) 
	

libftprintf.a: ft_printf.o ft_putchar_utils.o ft_putstr_utils.o ft_flags_utils.o ft_format_utils.o ft_hex_utils.o ft_puthex_utils.o ft_putnbr_utils.o ft_putptr_utils.o ft_long_utils.o ft_percent_utils.o ft_right_combination_utils.o ft_left_combination_utils.o ft_hexcombos_utils.o libft/libft.a
#  Implicit rule search has not been done.
#  Last modified 2023-12-04 17:51:45
#  File has been updated.
#  Successfully updated.
# variable set hash-table stats:
# Load=0/32=0%, Rehash=0, Collisions=0/0=0%
#  commands to execute (from `Makefile', line 51):
	$(MAKE_LIB) $(NAME) $(OBJS)
	

# Not a target:
ft_left_combination_utils.c:
#  Implicit rule search has been done.
#  Last modified 2023-10-04 22:36:32
#  File has been updated.
#  Successfully updated.
# variable set hash-table stats:
# Load=0/32=0%, Rehash=0, Collisions=0/0=0%

ft_putstr_utils.o: ft_putstr_utils.c
#  Implicit rule search has been done.
#  Implicit/static pattern stem: `ft_putstr_utils'
#  Last modified 2023-12-04 17:51:42
#  File has been updated.
#  Successfully updated.
# variable set hash-table stats:
# Load=0/32=0%, Rehash=0, Collisions=0/0=0%
#  commands to execute (from `Makefile', line 54):
	$(CC) $(CFLAGS) -c $< -I$(INCS) 
	

# Not a target:
ft_putnbr_utils.c:
#  Implicit rule search has been done.
#  Last modified 2023-10-04 22:36:32
#  File has been updated.
#  Successfully updated.
# variable set hash-table stats:
# Load=0/32=0%, Rehash=0, Collisions=0/0=0%

# Not a target:
ft_hex_utils.c:
#  Implicit rule search has been done.
#  Last modified 2023-10-04 22:36:32
#  File has been updated.
#  Successfully updated.
# variable set hash-table stats:
# Load=0/32=0%, Rehash=0, Collisions=0/0=0%

# files hash-table stats:
# Load=40/1024=4%, Rehash=0, Collisions=4/121=3%
# VPATH Search Paths

# No `vpath' search paths.

# No general (`VPATH' variable) search path.

# # of strings in strcache: 1
# # of strcache buffers: 1
# strcache size: total = 4096 / max = 4096 / min = 4096 / avg = 4096
 
# strcache free: total = 4087 / max = 4087 / min = 4087 / avg = 4087

# Finished Make data base on Mon Dec  4 17:52:35 2023

 
